[ INFO ] [2019-07-01 21:18:02] com.course.Application [50] - Starting Application on DESKTOP-1QNS1IK with PID 3300 (E:\springboot_web\target\classes started by DELL in E:\springboot_web)
[ INFO ] [2019-07-01 21:18:02] com.course.Application [646] - No active profile set, falling back to default profiles: default
[ WARN ] [2019-07-01 21:18:03] org.mybatis.spring.mapper.ClassPathMapperScanner [166] - No MyBatis mapper was found in '[com.course]' package. Please check your configuration.
[ INFO ] [2019-07-01 21:18:03] org.springframework.boot.web.embedded.tomcat.TomcatWebServer [90] - Tomcat initialized with port(s): 8888 (http)
[ INFO ] [2019-07-01 21:18:03] org.apache.coyote.http11.Http11NioProtocol [173] - Initializing ProtocolHandler ["http-nio-8888"]
[ INFO ] [2019-07-01 21:18:03] org.apache.catalina.core.StandardService [173] - Starting service [Tomcat]
[ INFO ] [2019-07-01 21:18:03] org.apache.catalina.core.StandardEngine [173] - Starting Servlet engine: [Apache Tomcat/9.0.21]
[ INFO ] [2019-07-01 21:18:03] org.apache.catalina.core.ContainerBase.[Tomcat].[localhost].[/] [173] - Initializing Spring embedded WebApplicationContext
[ INFO ] [2019-07-01 21:18:03] org.springframework.web.context.ContextLoader [283] - Root WebApplicationContext: initialization completed in 1083 ms
[ INFO ] [2019-07-01 21:18:04] org.springframework.scheduling.concurrent.ThreadPoolTaskExecutor [171] - Initializing ExecutorService 'applicationTaskExecutor'
[ INFO ] [2019-07-01 21:18:04] org.springframework.scheduling.concurrent.ThreadPoolTaskScheduler [171] - Initializing ExecutorService 'taskScheduler'
[ INFO ] [2019-07-01 21:18:04] org.apache.coyote.http11.Http11NioProtocol [173] - Starting ProtocolHandler ["http-nio-8888"]
[ INFO ] [2019-07-01 21:18:04] org.springframework.boot.web.embedded.tomcat.TomcatWebServer [202] - Tomcat started on port(s): 8888 (http) with context path ''
[ INFO ] [2019-07-01 21:18:04] com.course.Application [59] - Started Application in 2.112 seconds (JVM running for 3.143)
[ INFO ] [2019-07-01 21:18:58] com.course.Application [50] - Starting Application on DESKTOP-1QNS1IK with PID 19248 (E:\springboot_web\target\classes started by DELL in E:\springboot_web)
[ INFO ] [2019-07-01 21:18:58] com.course.Application [646] - No active profile set, falling back to default profiles: default
[ WARN ] [2019-07-01 21:18:58] org.mybatis.spring.mapper.ClassPathMapperScanner [166] - No MyBatis mapper was found in '[com.course]' package. Please check your configuration.
[ INFO ] [2019-07-01 21:18:59] org.springframework.boot.web.embedded.tomcat.TomcatWebServer [90] - Tomcat initialized with port(s): 8888 (http)
[ INFO ] [2019-07-01 21:18:59] org.apache.coyote.http11.Http11NioProtocol [173] - Initializing ProtocolHandler ["http-nio-8888"]
[ INFO ] [2019-07-01 21:18:59] org.apache.catalina.core.StandardService [173] - Starting service [Tomcat]
[ INFO ] [2019-07-01 21:18:59] org.apache.catalina.core.StandardEngine [173] - Starting Servlet engine: [Apache Tomcat/9.0.21]
[ INFO ] [2019-07-01 21:18:59] org.apache.catalina.core.ContainerBase.[Tomcat].[localhost].[/] [173] - Initializing Spring embedded WebApplicationContext
[ INFO ] [2019-07-01 21:18:59] org.springframework.web.context.ContextLoader [283] - Root WebApplicationContext: initialization completed in 1134 ms
[ INFO ] [2019-07-01 21:18:59] org.springframework.scheduling.concurrent.ThreadPoolTaskExecutor [171] - Initializing ExecutorService 'applicationTaskExecutor'
[ INFO ] [2019-07-01 21:18:59] org.springframework.scheduling.concurrent.ThreadPoolTaskScheduler [171] - Initializing ExecutorService 'taskScheduler'
[ INFO ] [2019-07-01 21:18:59] org.apache.coyote.http11.Http11NioProtocol [173] - Starting ProtocolHandler ["http-nio-8888"]
[ INFO ] [2019-07-01 21:18:59] org.springframework.boot.web.embedded.tomcat.TomcatWebServer [202] - Tomcat started on port(s): 8888 (http) with context path ''
[ INFO ] [2019-07-01 21:18:59] com.course.Application [59] - Started Application in 2.079 seconds (JVM running for 3.206)
[ INFO ] [2019-07-01 21:20:25] org.apache.catalina.core.ContainerBase.[Tomcat].[localhost].[/] [173] - Initializing Spring DispatcherServlet 'dispatcherServlet'
[ INFO ] [2019-07-01 21:20:25] org.springframework.web.servlet.DispatcherServlet [524] - Initializing Servlet 'dispatcherServlet'
[ INFO ] [2019-07-01 21:20:25] org.springframework.web.servlet.DispatcherServlet [546] - Completed initialization in 5 ms
[ INFO ] [2019-07-01 21:24:12] com.course.Application [50] - Starting Application on DESKTOP-1QNS1IK with PID 4300 (E:\springboot_web\target\classes started by DELL in E:\springboot_web)
[ INFO ] [2019-07-01 21:24:12] com.course.Application [646] - No active profile set, falling back to default profiles: default
[ WARN ] [2019-07-01 21:24:13] org.mybatis.spring.mapper.ClassPathMapperScanner [166] - No MyBatis mapper was found in '[com.course]' package. Please check your configuration.
[ INFO ] [2019-07-01 21:24:13] org.springframework.boot.web.embedded.tomcat.TomcatWebServer [90] - Tomcat initialized with port(s): 8888 (http)
[ INFO ] [2019-07-01 21:24:13] org.apache.coyote.http11.Http11NioProtocol [173] - Initializing ProtocolHandler ["http-nio-8888"]
[ INFO ] [2019-07-01 21:24:13] org.apache.catalina.core.StandardService [173] - Starting service [Tomcat]
[ INFO ] [2019-07-01 21:24:13] org.apache.catalina.core.StandardEngine [173] - Starting Servlet engine: [Apache Tomcat/9.0.21]
[ INFO ] [2019-07-01 21:24:13] org.apache.catalina.core.ContainerBase.[Tomcat].[localhost].[/] [173] - Initializing Spring embedded WebApplicationContext
[ INFO ] [2019-07-01 21:24:13] org.springframework.web.context.ContextLoader [283] - Root WebApplicationContext: initialization completed in 1230 ms
[ INFO ] [2019-07-01 21:24:14] org.springframework.scheduling.concurrent.ThreadPoolTaskExecutor [171] - Initializing ExecutorService 'applicationTaskExecutor'
[ INFO ] [2019-07-01 21:24:14] org.springframework.scheduling.concurrent.ThreadPoolTaskScheduler [171] - Initializing ExecutorService 'taskScheduler'
[ INFO ] [2019-07-01 21:24:14] org.apache.coyote.http11.Http11NioProtocol [173] - Starting ProtocolHandler ["http-nio-8888"]
[ INFO ] [2019-07-01 21:24:14] org.springframework.boot.web.embedded.tomcat.TomcatWebServer [202] - Tomcat started on port(s): 8888 (http) with context path ''
[ INFO ] [2019-07-01 21:24:14] com.course.Application [59] - Started Application in 2.457 seconds (JVM running for 3.613)
